<?xml version="1.0" encoding="UTF-8"?>
<robot generator="Robot 5.0.1 (Python 3.9.7 on win32)" generated="20230207 11:31:49.243" rpa="false" schemaversion="3">
<suite id="s1" name="Exercise6" source="c:\Users\jaahw\Testautoexercise\exercise6.robot">
<test id="s1-t1" name="exercise6" line="8">
<kw name="Open Browser" library="QWeb">
<arg>http://automationexercise.com</arg>
<arg>chrome</arg>
<tag>Browser</tag>
<tag>Interaction</tag>
<doc>Open new browser to given url.</doc>
<msg timestamp="20230207 11:31:50.640" level="INFO">
QWeb version number: 2.0.5</msg>
<msg timestamp="20230207 11:31:51.812" level="INFO">Browser: chrome</msg>
<msg timestamp="20230207 11:31:51.815" level="INFO">Browser version: 109.0.5414.120</msg>
<msg timestamp="20230207 11:31:51.824" level="INFO">Chromedriver version: 109.0.5414.74 (e7c5703604daa9cc128ccf5a5d3e993513758913-refs/branch-heads/5414@{#1172})</msg>
<status status="PASS" starttime="20230207 11:31:50.639" endtime="20230207 11:31:58.195"/>
</kw>
<kw name="Click Text" library="QWeb">
<arg>Signup / Login</arg>
<tag>Interaction</tag>
<tag>Text</tag>
<doc>Click text on web page.</doc>
<status status="PASS" starttime="20230207 11:31:58.197" endtime="20230207 11:32:02.298"/>
</kw>
<kw name="Verify Text" library="QWeb">
<arg>Login to your account</arg>
<tag>Text</tag>
<tag>Verification</tag>
<doc>Verify page contains given text.</doc>
<status status="PASS" starttime="20230207 11:32:02.299" endtime="20230207 11:32:02.374"/>
</kw>
<kw name="Type Text" library="QWeb">
<arg>Email Address</arg>
<arg>jaahwayn93@hotmail.com</arg>
<tag>Input</tag>
<tag>Interaction</tag>
<doc>Type given text to a text field.</doc>
<status status="PASS" starttime="20230207 11:32:02.375" endtime="20230207 11:32:02.599"/>
</kw>
<kw name="Type Text" library="QWeb">
<arg>Password</arg>
<arg>Idiris121212</arg>
<tag>Input</tag>
<tag>Interaction</tag>
<doc>Type given text to a text field.</doc>
<status status="PASS" starttime="20230207 11:32:02.601" endtime="20230207 11:32:02.717"/>
</kw>
<kw name="Click Text" library="QWeb">
<arg>login</arg>
<tag>Interaction</tag>
<tag>Text</tag>
<doc>Click text on web page.</doc>
<status status="PASS" starttime="20230207 11:32:02.718" endtime="20230207 11:32:10.886"/>
</kw>
<kw name="Click Text" library="QWeb">
<arg>Contact us</arg>
<tag>Interaction</tag>
<tag>Text</tag>
<doc>Click text on web page.</doc>
<status status="PASS" starttime="20230207 11:32:10.889" endtime="20230207 11:32:13.637"/>
</kw>
<kw name="Verify Text" library="QWeb">
<arg>Get In Touch</arg>
<tag>Text</tag>
<tag>Verification</tag>
<doc>Verify page contains given text.</doc>
<status status="PASS" starttime="20230207 11:32:13.643" endtime="20230207 11:32:13.726"/>
</kw>
<kw name="Type Text" library="QWeb">
<arg>Name</arg>
<arg>Idiris</arg>
<tag>Input</tag>
<tag>Interaction</tag>
<doc>Type given text to a text field.</doc>
<status status="PASS" starttime="20230207 11:32:13.728" endtime="20230207 11:32:13.977"/>
</kw>
<kw name="Type Text" library="QWeb">
<arg>Email</arg>
<arg>jaahwayn93@hotmail.com</arg>
<tag>Input</tag>
<tag>Interaction</tag>
<doc>Type given text to a text field.</doc>
<status status="PASS" starttime="20230207 11:32:13.978" endtime="20230207 11:32:14.145"/>
</kw>
<kw name="Type Text" library="QWeb">
<arg>Subject</arg>
<arg>FEEDBACK</arg>
<tag>Input</tag>
<tag>Interaction</tag>
<doc>Type given text to a text field.</doc>
<status status="PASS" starttime="20230207 11:32:14.145" endtime="20230207 11:32:14.260"/>
</kw>
<kw name="Type Text" library="QWeb">
<arg>Your Message Here</arg>
<arg>User-friendly interface: The website should be easy to navigate, with clear and concise menus, and intuitive layout.</arg>
<tag>Input</tag>
<tag>Interaction</tag>
<doc>Type given text to a text field.</doc>
<status status="PASS" starttime="20230207 11:32:14.261" endtime="20230207 11:32:14.510"/>
</kw>
<kw name="Click Text" library="QWeb">
<arg>submit</arg>
<tag>Interaction</tag>
<tag>Text</tag>
<doc>Click text on web page.</doc>
<status status="PASS" starttime="20230207 11:32:14.511" endtime="20230207 11:32:14.590"/>
</kw>
<kw name="Verify Text" library="QWeb">
<arg>Ok</arg>
<tag>Text</tag>
<tag>Verification</tag>
<doc>Verify page contains given text.</doc>
<msg timestamp="20230207 11:32:14.594" level="WARN">Cannot switch to default context, maybe window is closed. Err: Alert Text: Press OK to proceed!
Message: unexpected alert open: {Alert text : Press OK to proceed!}
  (Session info: chrome=109.0.5414.120)
Stacktrace:
Backtrace:
	(No symbol) [0x00316643]
	(No symbol) [0x002ABE21]
	(No symbol) [0x001ADA9D]
	(No symbol) [0x002173A5]
	(No symbol) [0x001FFB76]
	(No symbol) [0x001D49C1]
	(No symbol) [0x001D5E5D]
	GetHandleVerifier [0x0058A142+2497106]
	GetHandleVerifier [0x005B85D3+2686691]
	GetHandleVerifier [0x005BBB9C+2700460]
	GetHandleVerifier [0x003C3B10+635936]
	(No symbol) [0x002B4A1F]
	(No symbol) [0x002BA418]
	(No symbol) [0x002BA505]
	(No symbol) [0x002C508B]
	BaseThreadInitThunk [0x75C300F9+25]
	RtlGetAppContainerNamedObjectPath [0x77887BBE+286]
	RtlGetAppContainerNamedObjectPath [0x77887B8E+238]
	(No symbol) [0x00000000]
</msg>
<kw name="Log Screenshot" library="QWeb">
<tag>Logging</tag>
<doc>Log screenshot to Robot Framework log.</doc>
<msg timestamp="20230207 11:32:24.913" level="INFO">Saved screenshot to C:\Users\jaahw\Testautoexercise\screenshots\screenshot-exercise6-07d644a2-3a5d-439b-83f9-da2b8b13c7c1.png</msg>
<msg timestamp="20230207 11:32:24.919" level="INFO">Current url is: https://automationexercise.com/contact_us</msg>
<msg timestamp="20230207 11:32:24.920" level="INFO" html="true">&lt;a href="screenshots/screenshot-exercise6-07d644a2-3a5d-439b-83f9-da2b8b13c7c1.png"&gt;&lt;img src="screenshots/screenshot-exercise6-07d644a2-3a5d-439b-83f9-da2b8b13c7c1.png" width="800px"&gt;&lt;/a&gt;</msg>
<status status="PASS" starttime="20230207 11:32:24.707" endtime="20230207 11:32:24.920"/>
</kw>
<msg timestamp="20230207 11:32:24.922" level="FAIL">QWebElementNotFoundError: Unable to find element for locator Ok in 10.0 sec</msg>
<status status="FAIL" starttime="20230207 11:32:14.591" endtime="20230207 11:32:24.924"/>
</kw>
<kw name="Debug On" library="QWeb">
<tag>Debug</tag>
<tag>Error handling</tag>
<doc>Start debugger with drawing mode and set default timeout down to 2 sec.</doc>
<status status="NOT RUN" starttime="20230207 11:32:24.925" endtime="20230207 11:32:24.925"/>
</kw>
<status status="FAIL" starttime="20230207 11:31:50.638" endtime="20230207 11:32:24.926">QWebElementNotFoundError: Unable to find element for locator Ok in 10.0 sec</status>
</test>
<status status="FAIL" starttime="20230207 11:31:49.249" endtime="20230207 11:32:24.928"/>
</suite>
<statistics>
<total>
<stat pass="0" fail="1" skip="0">All Tests</stat>
</total>
<tag>
</tag>
<suite>
<stat pass="0" fail="1" skip="0" id="s1" name="Exercise6">Exercise6</stat>
</suite>
</statistics>
<errors>
<msg timestamp="20230207 11:32:14.594" level="WARN">Cannot switch to default context, maybe window is closed. Err: Alert Text: Press OK to proceed!
Message: unexpected alert open: {Alert text : Press OK to proceed!}
  (Session info: chrome=109.0.5414.120)
Stacktrace:
Backtrace:
	(No symbol) [0x00316643]
	(No symbol) [0x002ABE21]
	(No symbol) [0x001ADA9D]
	(No symbol) [0x002173A5]
	(No symbol) [0x001FFB76]
	(No symbol) [0x001D49C1]
	(No symbol) [0x001D5E5D]
	GetHandleVerifier [0x0058A142+2497106]
	GetHandleVerifier [0x005B85D3+2686691]
	GetHandleVerifier [0x005BBB9C+2700460]
	GetHandleVerifier [0x003C3B10+635936]
	(No symbol) [0x002B4A1F]
	(No symbol) [0x002BA418]
	(No symbol) [0x002BA505]
	(No symbol) [0x002C508B]
	BaseThreadInitThunk [0x75C300F9+25]
	RtlGetAppContainerNamedObjectPath [0x77887BBE+286]
	RtlGetAppContainerNamedObjectPath [0x77887B8E+238]
	(No symbol) [0x00000000]
</msg>
</errors>
</robot>
